<?xml version="1.0" encoding="UTF-8"?>
<!-- Generated by org.testng.reporters.JUnitReportReporter -->
<testsuite hostname="DESKTOP-4KS8AML" failures="0" tests="1" name="mypackage1.Test1_Chrome" time="3.962" errors="0" timestamp="2024-02-08T12:13:25 IST" skipped="0">
  <testcase classname="mypackage1.Test1_Chrome" name="setup" time="3.962"/>
  <system-out/>
</testsuite> <!-- mypackage1.Test1_Chrome -->
