<?xml version="1.0" encoding="UTF-8"?>
<!-- Generated by org.testng.reporters.JUnitReportReporter -->
<testsuite hostname="DESKTOP-4KS8AML" failures="0" tests="6" name="topic_BeforeAfterGroup.BeforeAfterGroup" time="0.027" errors="0" timestamp="2024-01-06T13:04:18 IST" skipped="0">
  <testcase classname="topic_BeforeAfterGroup.BeforeAfterGroup" name="openConfirmationDialog" time="0.005"/>
  <testcase classname="topic_BeforeAfterGroup.BeforeAfterGroup" name="accesscontactUsPage" time="0.005"/>
  <testcase classname="topic_BeforeAfterGroup.BeforeAfterGroup" name="accessHomePage" time="0.003"/>
  <testcase classname="topic_BeforeAfterGroup.BeforeAfterGroup" name="openFileDialog" time="0.002"/>
  <testcase classname="topic_BeforeAfterGroup.BeforeAfterGroup" name="accessCompaignPage" time="0.008"/>
  <testcase classname="topic_BeforeAfterGroup.BeforeAfterGroup" name="closeFileDialog" time="0.004"/>
</testsuite> <!-- topic_BeforeAfterGroup.BeforeAfterGroup -->
