<?xml version="1.0" encoding="UTF-8"?>
<!-- Generated by org.testng.reporters.JUnitReportReporter -->
<testsuite hostname="DESKTOP-4KS8AML" failures="0" tests="1" name="browsers.Test1_FireFox" time="15.037" errors="0" timestamp="2024-01-04T12:17:43 IST" skipped="0">
  <testcase classname="browsers.Test1_FireFox" name="setup" time="15.037"/>
</testsuite> <!-- browsers.Test1_FireFox -->
