<?xml version="1.0" encoding="UTF-8"?>
<!-- Generated by org.testng.reporters.JUnitReportReporter -->
<testsuite hostname="DESKTOP-4KS8AML" failures="0" tests="1" name="browsers.Test1_Chrome" time="6.750" errors="0" timestamp="2024-01-04T12:21:29 IST" skipped="0">
  <testcase classname="browsers.Test1_Chrome" name="setup" time="6.750"/>
</testsuite> <!-- browsers.Test1_Chrome -->
