<?xml version="1.0" encoding="UTF-8"?>
<!-- Generated by org.testng.reporters.JUnitReportReporter -->
<testsuite hostname="DESKTOP-4KS8AML" failures="0" tests="3" name="topic_AdvAnnotations.TestSecurity" time="0.014" errors="0" timestamp="2024-01-06T11:40:19 IST" skipped="0">
  <testcase classname="topic_AdvAnnotations.TestSecurity" name="openFileDialog" time="0.002"/>
  <testcase classname="topic_AdvAnnotations.TestSecurity" name="openConfirmationDialog" time="0.004"/>
  <testcase classname="topic_AdvAnnotations.TestSecurity" name="closeFileDialog" time="0.008"/>
</testsuite> <!-- topic_AdvAnnotations.TestSecurity -->
