<?xml version="1.0" encoding="UTF-8"?>
<!-- Generated by org.testng.reporters.JUnitReportReporter -->
<testsuite hostname="DESKTOP-4KS8AML" failures="0" tests="1" name="testAutomationFW.PageObjectModel.TC2_Products" time="33.943" errors="0" timestamp="2024-01-03T22:17:28 IST" skipped="0">
  <testcase classname="testAutomationFW.PageObjectModel.TC2_Products" name="verifySDLogin" time="33.943"/>
</testsuite> <!-- testAutomationFW.PageObjectModel.TC2_Products -->
