<?xml version="1.0" encoding="UTF-8"?>
<!-- Generated by org.testng.reporters.JUnitReportReporter -->
<testsuite hostname="DESKTOP-4KS8AML" failures="0" tests="3" name="package1.Test9_BC_AC" time="46.996" errors="0" timestamp="2024-01-02T23:45:49 IST" skipped="0">
  <testcase classname="package1.Test9_BC_AC" name="gotoSeleniumURL" time="6.090"/>
  <testcase classname="package1.Test9_BC_AC" name="gotoSauceDemoURL" time="6.275"/>
  <testcase classname="package1.Test9_BC_AC" name="gotoBhanuSaiURL" time="34.631"/>
</testsuite> <!-- package1.Test9_BC_AC -->
