<?xml version="1.0" encoding="UTF-8"?>
<!-- Generated by org.testng.reporters.JUnitReportReporter -->
<testsuite hostname="DESKTOP-4KS8AML" failures="0" tests="7" name="package1.Test5_dependsOnMethods" time="17.697" errors="0" timestamp="2023-12-29T12:27:50 IST" skipped="0">
  <testcase classname="package1.Test5_dependsOnMethods" name="setup" time="3.798"/>
  <testcase classname="package1.Test5_dependsOnMethods" name="click_Login" time="3.678"/>
  <testcase classname="package1.Test5_dependsOnMethods" name="type_Password" time="3.294"/>
  <testcase classname="package1.Test5_dependsOnMethods" name="verifySDLogin" time="3.050"/>
  <testcase classname="package1.Test5_dependsOnMethods" name="teardown" time="0.182"/>
  <testcase classname="package1.Test5_dependsOnMethods" name="type_UserName" time="3.154"/>
  <testcase classname="package1.Test5_dependsOnMethods" name="gotoURL" time="0.541"/>
</testsuite> <!-- package1.Test5_dependsOnMethods -->
