<?xml version="1.0" encoding="UTF-8"?>
<!-- Generated by org.testng.reporters.JUnitReportReporter -->
<testsuite hostname="DESKTOP-4KS8AML" failures="0" tests="7" name="package1.Test7_VP_Checkpoint4" time="13.498" errors="0" timestamp="2023-12-31T19:44:49 IST" skipped="0">
  <testcase classname="package1.Test7_VP_Checkpoint4" name="setup" time="2.696"/>
  <testcase classname="package1.Test7_VP_Checkpoint4" name="gotoURL" time="1.285"/>
  <testcase classname="package1.Test7_VP_Checkpoint4" name="type_UserName" time="3.146"/>
  <testcase classname="package1.Test7_VP_Checkpoint4" name="type_Password" time="3.087"/>
  <testcase classname="package1.Test7_VP_Checkpoint4" name="click_Login" time="3.071"/>
  <testcase classname="package1.Test7_VP_Checkpoint4" name="verifyErrorMsg" time="0.043"/>
  <testcase classname="package1.Test7_VP_Checkpoint4" name="teardown" time="0.170"/>
</testsuite> <!-- package1.Test7_VP_Checkpoint4 -->
