<?xml version="1.0" encoding="UTF-8"?>
<!-- Generated by org.testng.reporters.JUnitReportReporter -->
<testsuite hostname="DESKTOP-4KS8AML" failures="0" tests="7" name="package1.Test7_VP_Checkpoint3" time="28.233" errors="0" timestamp="2023-12-31T19:43:46 IST" skipped="0">
  <testcase classname="package1.Test7_VP_Checkpoint3" name="setup" time="18.159"/>
  <testcase classname="package1.Test7_VP_Checkpoint3" name="gotoURL" time="0.517"/>
  <testcase classname="package1.Test7_VP_Checkpoint3" name="type_UserName" time="3.139"/>
  <testcase classname="package1.Test7_VP_Checkpoint3" name="type_Password" time="3.086"/>
  <testcase classname="package1.Test7_VP_Checkpoint3" name="click_Login" time="3.085"/>
  <testcase classname="package1.Test7_VP_Checkpoint3" name="verifyErrorMsg" time="0.056"/>
  <testcase classname="package1.Test7_VP_Checkpoint3" name="teardown" time="0.191"/>
</testsuite> <!-- package1.Test7_VP_Checkpoint3 -->
