<?xml version="1.0" encoding="UTF-8"?>
<!-- Generated by org.testng.reporters.JUnitReportReporter -->
<testsuite hostname="DESKTOP-4KS8AML" failures="0" tests="7" name="package1.Test4_Assert" time="21.369" errors="0" timestamp="2023-12-28T23:20:18 IST" skipped="0">
  <testcase classname="package1.Test4_Assert" name="setup" time="9.884"/>
  <testcase classname="package1.Test4_Assert" name="gotoURL" time="1.067"/>
  <testcase classname="package1.Test4_Assert" name="type_UserName" time="3.163"/>
  <testcase classname="package1.Test4_Assert" name="type_Password" time="3.098"/>
  <testcase classname="package1.Test4_Assert" name="click_Login" time="3.992"/>
  <testcase classname="package1.Test4_Assert" name="verifySDLogin" time="0.017"/>
  <testcase classname="package1.Test4_Assert" name="teardown" time="0.148"/>
</testsuite> <!-- package1.Test4_Assert -->
