<?xml version="1.0" encoding="UTF-8"?>
<!-- Generated by org.testng.reporters.JUnitReportReporter -->
<testsuite hostname="DESKTOP-4KS8AML" failures="0" tests="1" name="browser.Edge.Test1_Edge" time="5.453" errors="0" timestamp="2024-01-04T12:00:08 IST" skipped="0">
  <testcase classname="browser.Edge.Test1_Edge" name="setup" time="5.453"/>
</testsuite> <!-- browser.Edge.Test1_Edge -->
