<?xml version="1.0" encoding="UTF-8"?>
<!-- Generated by org.testng.reporters.JUnitReportReporter -->
<testsuite hostname="DESKTOP-4KS8AML" failures="0" tests="7" name="topic_TestNGExamples.Test7_VP_Checkpoint2" time="16.165" errors="0" timestamp="2024-01-05T13:14:01 IST" skipped="0">
  <testcase classname="topic_TestNGExamples.Test7_VP_Checkpoint2" name="setup" time="3.747"/>
  <testcase classname="topic_TestNGExamples.Test7_VP_Checkpoint2" name="gotoURL" time="1.006"/>
  <testcase classname="topic_TestNGExamples.Test7_VP_Checkpoint2" name="type_UserName" time="3.203"/>
  <testcase classname="topic_TestNGExamples.Test7_VP_Checkpoint2" name="type_Password" time="3.327"/>
  <testcase classname="topic_TestNGExamples.Test7_VP_Checkpoint2" name="click_Login" time="4.485"/>
  <testcase classname="topic_TestNGExamples.Test7_VP_Checkpoint2" name="verifySDLogin" time="0.063"/>
  <testcase classname="topic_TestNGExamples.Test7_VP_Checkpoint2" name="teardown" time="0.334"/>
</testsuite> <!-- topic_TestNGExamples.Test7_VP_Checkpoint2 -->
