<?xml version="1.0" encoding="UTF-8"?>
<!-- Generated by org.testng.reporters.JUnitReportReporter -->
<testsuite hostname="DESKTOP-4KS8AML" failures="0" tests="7" name="package1.Test7_VP_Checkpoint5" time="34.082" errors="0" timestamp="2023-12-31T20:05:47 IST" skipped="0">
  <testcase classname="package1.Test7_VP_Checkpoint5" name="setup" time="23.975"/>
  <testcase classname="package1.Test7_VP_Checkpoint5" name="gotoURL" time="0.546"/>
  <testcase classname="package1.Test7_VP_Checkpoint5" name="type_UserName" time="3.142"/>
  <testcase classname="package1.Test7_VP_Checkpoint5" name="type_Password" time="3.094"/>
  <testcase classname="package1.Test7_VP_Checkpoint5" name="click_Login" time="3.093"/>
  <testcase classname="package1.Test7_VP_Checkpoint5" name="verifyTitleOfthePage" time="0.024"/>
  <testcase classname="package1.Test7_VP_Checkpoint5" name="teardown" time="0.208"/>
</testsuite> <!-- package1.Test7_VP_Checkpoint5 -->
