<?xml version="1.0" encoding="UTF-8"?>
<!-- Generated by org.testng.reporters.JUnitReportReporter -->
<testsuite hostname="DESKTOP-4KS8AML" failures="0" tests="1" name="topic_ObjectRepository.Test_ReadProperties" time="18.198" errors="0" timestamp="2024-01-04T12:43:08 IST" skipped="0">
  <testcase classname="topic_ObjectRepository.Test_ReadProperties" name="sdLogin" time="18.198"/>
</testsuite> <!-- topic_ObjectRepository.Test_ReadProperties -->
