<?xml version="1.0" encoding="UTF-8"?>
<!-- Generated by org.testng.reporters.JUnitReportReporter -->
<testsuite hostname="DESKTOP-4KS8AML" failures="0" tests="3" name="topic_TestNGExamples.Test8_BM_AM" time="54.901" errors="0" timestamp="2024-01-05T15:35:11 IST" skipped="0">
  <testcase classname="topic_TestNGExamples.Test8_BM_AM" name="gotoSeleniumURL" time="8.890"/>
  <testcase classname="topic_TestNGExamples.Test8_BM_AM" name="gotoSauceDemoURL" time="9.685"/>
  <testcase classname="topic_TestNGExamples.Test8_BM_AM" name="gotoBhanuSaiURL" time="36.326"/>
</testsuite> <!-- topic_TestNGExamples.Test8_BM_AM -->
