<?xml version="1.0" encoding="UTF-8"?>
<!-- Generated by org.testng.reporters.JUnitReportReporter -->
<testsuite hostname="DESKTOP-4KS8AML" failures="0" tests="3" name="topic_AdvAnnotations.TestUI2" time="0.011" errors="0" timestamp="2024-01-06T11:40:19 IST" skipped="0">
  <testcase classname="topic_AdvAnnotations.TestUI2" name="accessCompaignPage2" time="0.003"/>
  <testcase classname="topic_AdvAnnotations.TestUI2" name="accessHomePage2" time="0.006"/>
  <testcase classname="topic_AdvAnnotations.TestUI2" name="contactUsPage2" time="0.002"/>
</testsuite> <!-- topic_AdvAnnotations.TestUI2 -->
