<?xml version="1.0" encoding="UTF-8"?>
<!-- Generated by org.testng.reporters.JUnitReportReporter -->
<testsuite hostname="DESKTOP-4KS8AML" failures="0" tests="3" name="topic_TestNGExamples.Test9_BC_AC" time="44.349" errors="0" timestamp="2024-01-05T15:36:34 IST" skipped="0">
  <testcase classname="topic_TestNGExamples.Test9_BC_AC" name="gotoSeleniumURL" time="6.407"/>
  <testcase classname="topic_TestNGExamples.Test9_BC_AC" name="gotoSauceDemoURL" time="5.592"/>
  <testcase classname="topic_TestNGExamples.Test9_BC_AC" name="gotoBhanuSaiURL" time="32.350"/>
</testsuite> <!-- topic_TestNGExamples.Test9_BC_AC -->
