<?xml version="1.0" encoding="UTF-8"?>
<!-- Generated by org.testng.reporters.JUnitReportReporter -->
<testsuite hostname="DESKTOP-4KS8AML" failures="0" tests="3" name="topic_AdvAnnotations.TestUI" time="0.009" errors="0" timestamp="2024-01-06T11:40:19 IST" skipped="0">
  <testcase classname="topic_AdvAnnotations.TestUI" name="accessCompaignPage" time="0.002"/>
  <testcase classname="topic_AdvAnnotations.TestUI" name="accessHomePage" time="0.004"/>
  <testcase classname="topic_AdvAnnotations.TestUI" name="contactUsPage" time="0.003"/>
</testsuite> <!-- topic_AdvAnnotations.TestUI -->
