<?xml version="1.0" encoding="UTF-8"?>
<!-- Generated by org.testng.reporters.JUnitReportReporter -->
<testsuite hostname="DESKTOP-4KS8AML" failures="0" tests="1" name="topic_ITest.Testrescontext_for_ControlParameter_1stWay" time="12.372" errors="0" timestamp="2024-01-05T10:53:11 IST" skipped="0">
  <testcase classname="topic_ITest.Testrescontext_for_ControlParameter_1stWay" name="sdLogin" time="12.372"/>
</testsuite> <!-- topic_ITest.Testrescontext_for_ControlParameter_1stWay -->
