<?xml version="1.0" encoding="UTF-8"?>
<!-- Generated by org.testng.reporters.JUnitReportReporter -->
<testsuite hostname="DESKTOP-4KS8AML" failures="0" tests="1" name="browser.firefox.Test1_FireFox" time="7.578" errors="0" timestamp="2024-01-04T12:00:08 IST" skipped="0">
  <testcase classname="browser.firefox.Test1_FireFox" name="setup" time="7.578"/>
</testsuite> <!-- browser.firefox.Test1_FireFox -->
