<?xml version="1.0" encoding="UTF-8"?>
<!-- Generated by org.testng.reporters.JUnitReportReporter -->
<testsuite hostname="DESKTOP-4KS8AML" failures="0" tests="7" name="package1.Test7_VP_Checkpoint1" time="36.257" errors="0" timestamp="2023-12-31T18:16:42 IST" skipped="0">
  <testcase classname="package1.Test7_VP_Checkpoint1" name="setup" time="24.262"/>
  <testcase classname="package1.Test7_VP_Checkpoint1" name="gotoURL" time="0.982"/>
  <testcase classname="package1.Test7_VP_Checkpoint1" name="type_UserName" time="3.138"/>
  <testcase classname="package1.Test7_VP_Checkpoint1" name="type_Password" time="3.105"/>
  <testcase classname="package1.Test7_VP_Checkpoint1" name="click_Login" time="4.495"/>
  <testcase classname="package1.Test7_VP_Checkpoint1" name="verifySDLogin" time="0.104"/>
  <testcase classname="package1.Test7_VP_Checkpoint1" name="teardown" time="0.171"/>
</testsuite> <!-- package1.Test7_VP_Checkpoint1 -->
