<?xml version="1.0" encoding="UTF-8"?>
<!-- Generated by org.testng.reporters.JUnitReportReporter -->
<testsuite hostname="DESKTOP-4KS8AML" failures="0" tests="3" name="package1.Test8_BM_AM" time="93.041" errors="0" timestamp="2024-01-02T23:44:17 IST" skipped="0">
  <testcase classname="package1.Test8_BM_AM" name="gotoSeleniumURL" time="9.203"/>
  <testcase classname="package1.Test8_BM_AM" name="gotoSauceDemoURL" time="7.775"/>
  <testcase classname="package1.Test8_BM_AM" name="gotoBhanuSaiURL" time="76.063"/>
</testsuite> <!-- package1.Test8_BM_AM -->
