<?xml version="1.0" encoding="UTF-8"?>
<!-- Generated by org.testng.reporters.JUnitReportReporter -->
<testsuite hostname="DESKTOP-4KS8AML" failures="0" tests="7" name="package1.Test2_MultipeMethods" time="21.984" errors="0" timestamp="2023-12-28T23:08:23 IST" skipped="0">
  <testcase classname="package1.Test2_MultipeMethods" name="bgotoURL" time="1.256"/>
  <testcase classname="package1.Test2_MultipeMethods" name="asetup" time="10.045"/>
  <testcase classname="package1.Test2_MultipeMethods" name="fverifySDLogin" time="0.024"/>
  <testcase classname="package1.Test2_MultipeMethods" name="gteardown" time="0.173"/>
  <testcase classname="package1.Test2_MultipeMethods" name="ctype_UserName" time="3.125"/>
  <testcase classname="package1.Test2_MultipeMethods" name="eclick_Login" time="4.264"/>
  <testcase classname="package1.Test2_MultipeMethods" name="dtype_Password" time="3.097"/>
</testsuite> <!-- package1.Test2_MultipeMethods -->
