<?xml version="1.0" encoding="UTF-8"?>
<!-- Generated by org.testng.reporters.JUnitReportReporter -->
<testsuite hostname="DESKTOP-4KS8AML" failures="0" tests="1" name="mypackage1.Test1_Chrome" time="4.330" errors="0" timestamp="2024-01-05T13:12:12 IST" skipped="0">
  <testcase classname="mypackage1.Test1_Chrome" name="setup" time="4.330"/>
</testsuite> <!-- mypackage1.Test1_Chrome -->
