<?xml version="1.0" encoding="UTF-8"?>
<!-- Generated by org.testng.reporters.JUnitReportReporter -->
<testsuite hostname="DESKTOP-4KS8AML" failures="0" tests="3" name="testAutomationFW.DataDriven.DataDriven_FacebookLogin" time="63.231" errors="0" timestamp="2024-01-03T13:21:34 IST" skipped="0">
  <testcase classname="testAutomationFW.DataDriven.DataDriven_FacebookLogin" name="facebook_login" time="21.215"/>
  <testcase classname="testAutomationFW.DataDriven.DataDriven_FacebookLogin" name="facebook_login" time="21.263"/>
  <testcase classname="testAutomationFW.DataDriven.DataDriven_FacebookLogin" name="facebook_login" time="20.753"/>
</testsuite> <!-- testAutomationFW.DataDriven.DataDriven_FacebookLogin -->
