<?xml version="1.0" encoding="UTF-8"?>
<!-- Generated by org.testng.reporters.JUnitReportReporter -->
<testsuite hostname="DESKTOP-4KS8AML" failures="0" tests="3" name="topic_AdvAnnotations.TestDB" time="0.009" errors="0" timestamp="2024-01-06T11:40:19 IST" skipped="0">
  <testcase classname="topic_AdvAnnotations.TestDB" name="testUpdate" time="0.003"/>
  <testcase classname="topic_AdvAnnotations.TestDB" name="testInsert" time="0.004"/>
  <testcase classname="topic_AdvAnnotations.TestDB" name="testDelete" time="0.002"/>
</testsuite> <!-- topic_AdvAnnotations.TestDB -->
