<?xml version="1.0" encoding="UTF-8"?>
<!-- Generated by org.testng.reporters.JUnitReportReporter -->
<testsuite hostname="DESKTOP-4KS8AML" failures="0" tests="1" name="brower.chrome.Test1_Chrome" time="2.752" errors="0" timestamp="2024-01-04T12:00:08 IST" skipped="0">
  <testcase classname="brower.chrome.Test1_Chrome" name="setup" time="2.752"/>
</testsuite> <!-- brower.chrome.Test1_Chrome -->
