<?xml version="1.0" encoding="UTF-8"?>
<!-- Generated by org.testng.reporters.JUnitReportReporter -->
<testsuite hostname="DESKTOP-4KS8AML" failures="0" tests="1" name="package1.Test1_SingleMethods" time="27.395" errors="0" timestamp="2023-12-28T22:29:22 IST" skipped="0">
  <testcase classname="package1.Test1_SingleMethods" name="verifySDLogin" time="27.395"/>
</testsuite> <!-- package1.Test1_SingleMethods -->
