<?xml version="1.0" encoding="UTF-8"?>
<!-- Generated by org.testng.reporters.JUnitReportReporter -->
<testsuite hostname="DESKTOP-4KS8AML" failures="0" tests="1" name="topic_TestNGExamples.Test1_SingleMethods" time="13.654" errors="0" timestamp="2024-01-05T13:14:01 IST" skipped="0">
  <testcase classname="topic_TestNGExamples.Test1_SingleMethods" name="verifySDLogin" time="13.654"/>
</testsuite> <!-- topic_TestNGExamples.Test1_SingleMethods -->
