<?xml version="1.0" encoding="UTF-8"?>
<!-- Generated by org.testng.reporters.JUnitReportReporter -->
<testsuite hostname="DESKTOP-4KS8AML" failures="0" tests="3" name="topic_ITest.Testrescontext" time="42.470" errors="0" timestamp="2024-01-04T18:16:56 IST" skipped="0">
  <testcase classname="topic_ITest.Testrescontext" name="sdLogin" time="12.998"/>
  <testcase classname="topic_ITest.Testrescontext" name="sdLogin" time="13.950"/>
  <testcase classname="topic_ITest.Testrescontext" name="sdLogin" time="15.522"/>
</testsuite> <!-- topic_ITest.Testrescontext -->
