<?xml version="1.0" encoding="UTF-8"?>
<!-- Generated by org.testng.reporters.JUnitReportReporter -->
<testsuite hostname="DESKTOP-4KS8AML" failures="0" tests="7" name="package1.Test3_Prioritization" time="28.332" errors="0" timestamp="2023-12-28T23:17:24 IST" skipped="0">
  <testcase classname="package1.Test3_Prioritization" name="setup" time="17.828"/>
  <testcase classname="package1.Test3_Prioritization" name="gotoURL" time="0.526"/>
  <testcase classname="package1.Test3_Prioritization" name="type_UserName" time="3.130"/>
  <testcase classname="package1.Test3_Prioritization" name="type_Password" time="3.085"/>
  <testcase classname="package1.Test3_Prioritization" name="click_Login" time="3.509"/>
  <testcase classname="package1.Test3_Prioritization" name="verifySDLogin" time="0.026"/>
  <testcase classname="package1.Test3_Prioritization" name="teardown" time="0.228"/>
</testsuite> <!-- package1.Test3_Prioritization -->
