<?xml version="1.0" encoding="UTF-8"?>
<!-- Generated by org.testng.reporters.JUnitReportReporter -->
<testsuite hostname="DESKTOP-4KS8AML" failures="0" tests="1" name="testAutomationFW.PageObjectModel.TC1_Login" time="19.776" errors="0" timestamp="2024-01-03T21:27:26 IST" skipped="0">
  <testcase classname="testAutomationFW.PageObjectModel.TC1_Login" name="verifySDLogin" time="19.776"/>
</testsuite> <!-- testAutomationFW.PageObjectModel.TC1_Login -->
