<?xml version="1.0" encoding="UTF-8"?>
<testsuite xmlns:xsi="http://www.w3.org/2001/XMLSchema-instance" xsi:noNamespaceSchemaLocation="https://maven.apache.org/surefire/maven-surefire-plugin/xsd/surefire-test-report-3.0.xsd" version="3.0" name="TestSuite" time="4.525" tests="1" errors="0" skipped="0" failures="0">
  <properties>
    <property name="java.specification.version" value="21"/>
    <property name="sun.cpu.isalist" value="amd64"/>
    <property name="sun.jnu.encoding" value="Cp1252"/>
    <property name="java.class.path" value="E:\Personal_Workspace\Oct14th_2023\Automation\myAutomationProject\target\test-classes;E:\Personal_Workspace\Oct14th_2023\Automation\myAutomationProject\target\classes;C:\Users\priyanka.singh\.m2\repository\org\apache\poi\poi-ooxml\5.2.5\poi-ooxml-5.2.5.jar;C:\Users\priyanka.singh\.m2\repository\org\apache\poi\poi\5.2.5\poi-5.2.5.jar;C:\Users\priyanka.singh\.m2\repository\commons-codec\commons-codec\1.16.0\commons-codec-1.16.0.jar;C:\Users\priyanka.singh\.m2\repository\org\apache\commons\commons-math3\3.6.1\commons-math3-3.6.1.jar;C:\Users\priyanka.singh\.m2\repository\com\zaxxer\SparseBitSet\1.3\SparseBitSet-1.3.jar;C:\Users\priyanka.singh\.m2\repository\org\apache\poi\poi-ooxml-lite\5.2.5\poi-ooxml-lite-5.2.5.jar;C:\Users\priyanka.singh\.m2\repository\org\apache\xmlbeans\xmlbeans\5.2.0\xmlbeans-5.2.0.jar;C:\Users\priyanka.singh\.m2\repository\org\apache\commons\commons-compress\1.25.0\commons-compress-1.25.0.jar;C:\Users\priyanka.singh\.m2\repository\commons-io\commons-io\2.15.0\commons-io-2.15.0.jar;C:\Users\priyanka.singh\.m2\repository\com\github\virtuald\curvesapi\1.08\curvesapi-1.08.jar;C:\Users\priyanka.singh\.m2\repository\org\apache\logging\log4j\log4j-api\2.21.1\log4j-api-2.21.1.jar;C:\Users\priyanka.singh\.m2\repository\org\apache\commons\commons-collections4\4.4\commons-collections4-4.4.jar;C:\Users\priyanka.singh\.m2\repository\org\testng\testng\7.7.0\testng-7.7.0.jar;C:\Users\priyanka.singh\.m2\repository\org\slf4j\slf4j-api\1.7.36\slf4j-api-1.7.36.jar;C:\Users\priyanka.singh\.m2\repository\com\beust\jcommander\1.82\jcommander-1.82.jar;C:\Users\priyanka.singh\.m2\repository\org\webjars\jquery\3.6.1\jquery-3.6.1.jar;C:\Users\priyanka.singh\.m2\repository\org\seleniumhq\selenium\selenium-java\4.15.0\selenium-java-4.15.0.jar;C:\Users\priyanka.singh\.m2\repository\org\seleniumhq\selenium\selenium-api\4.15.0\selenium-api-4.15.0.jar;C:\Users\priyanka.singh\.m2\repository\org\seleniumhq\selenium\selenium-chrome-driver\4.15.0\selenium-chrome-driver-4.15.0.jar;C:\Users\priyanka.singh\.m2\repository\com\google\auto\service\auto-service-annotations\1.1.1\auto-service-annotations-1.1.1.jar;C:\Users\priyanka.singh\.m2\repository\org\seleniumhq\selenium\selenium-chromium-driver\4.15.0\selenium-chromium-driver-4.15.0.jar;C:\Users\priyanka.singh\.m2\repository\org\seleniumhq\selenium\selenium-json\4.15.0\selenium-json-4.15.0.jar;C:\Users\priyanka.singh\.m2\repository\org\seleniumhq\selenium\selenium-manager\4.15.0\selenium-manager-4.15.0.jar;C:\Users\priyanka.singh\.m2\repository\org\seleniumhq\selenium\selenium-devtools-v117\4.15.0\selenium-devtools-v117-4.15.0.jar;C:\Users\priyanka.singh\.m2\repository\org\seleniumhq\selenium\selenium-devtools-v118\4.15.0\selenium-devtools-v118-4.15.0.jar;C:\Users\priyanka.singh\.m2\repository\org\seleniumhq\selenium\selenium-devtools-v119\4.15.0\selenium-devtools-v119-4.15.0.jar;C:\Users\priyanka.singh\.m2\repository\org\seleniumhq\selenium\selenium-devtools-v85\4.15.0\selenium-devtools-v85-4.15.0.jar;C:\Users\priyanka.singh\.m2\repository\org\seleniumhq\selenium\selenium-edge-driver\4.15.0\selenium-edge-driver-4.15.0.jar;C:\Users\priyanka.singh\.m2\repository\org\seleniumhq\selenium\selenium-firefox-driver\4.15.0\selenium-firefox-driver-4.15.0.jar;C:\Users\priyanka.singh\.m2\repository\org\seleniumhq\selenium\selenium-http\4.15.0\selenium-http-4.15.0.jar;C:\Users\priyanka.singh\.m2\repository\dev\failsafe\failsafe\3.3.2\failsafe-3.3.2.jar;C:\Users\priyanka.singh\.m2\repository\org\seleniumhq\selenium\selenium-ie-driver\4.15.0\selenium-ie-driver-4.15.0.jar;C:\Users\priyanka.singh\.m2\repository\org\seleniumhq\selenium\selenium-remote-driver\4.15.0\selenium-remote-driver-4.15.0.jar;C:\Users\priyanka.singh\.m2\repository\com\google\guava\guava\32.1.2-jre\guava-32.1.2-jre.jar;C:\Users\priyanka.singh\.m2\repository\com\google\guava\listenablefuture\9999.0-empty-to-avoid-conflict-with-guava\listenablefuture-9999.0-empty-to-avoid-conflict-with-guava.jar;C:\Users\priyanka.singh\.m2\repository\com\google\code\findbugs\jsr305\3.0.2\jsr305-3.0.2.jar;C:\Users\priyanka.singh\.m2\repository\org\checkerframework\checker-qual\3.33.0\checker-qual-3.33.0.jar;C:\Users\priyanka.singh\.m2\repository\com\google\errorprone\error_prone_annotations\2.18.0\error_prone_annotations-2.18.0.jar;C:\Users\priyanka.singh\.m2\repository\com\google\j2objc\j2objc-annotations\2.8\j2objc-annotations-2.8.jar;C:\Users\priyanka.singh\.m2\repository\io\opentelemetry\opentelemetry-api\1.28.0\opentelemetry-api-1.28.0.jar;C:\Users\priyanka.singh\.m2\repository\io\opentelemetry\opentelemetry-context\1.28.0\opentelemetry-context-1.28.0.jar;C:\Users\priyanka.singh\.m2\repository\io\opentelemetry\opentelemetry-exporter-logging\1.28.0\opentelemetry-exporter-logging-1.28.0.jar;C:\Users\priyanka.singh\.m2\repository\io\opentelemetry\opentelemetry-sdk-metrics\1.28.0\opentelemetry-sdk-metrics-1.28.0.jar;C:\Users\priyanka.singh\.m2\repository\io\opentelemetry\opentelemetry-extension-incubator\1.28.0-alpha\opentelemetry-extension-incubator-1.28.0-alpha.jar;C:\Users\priyanka.singh\.m2\repository\io\opentelemetry\opentelemetry-sdk-logs\1.28.0\opentelemetry-sdk-logs-1.28.0.jar;C:\Users\priyanka.singh\.m2\repository\io\opentelemetry\opentelemetry-sdk-common\1.28.0\opentelemetry-sdk-common-1.28.0.jar;C:\Users\priyanka.singh\.m2\repository\io\opentelemetry\opentelemetry-sdk-extension-autoconfigure-spi\1.28.0\opentelemetry-sdk-extension-autoconfigure-spi-1.28.0.jar;C:\Users\priyanka.singh\.m2\repository\io\opentelemetry\opentelemetry-sdk-extension-autoconfigure\1.28.0\opentelemetry-sdk-extension-autoconfigure-1.28.0.jar;C:\Users\priyanka.singh\.m2\repository\io\opentelemetry\opentelemetry-api-events\1.28.0-alpha\opentelemetry-api-events-1.28.0-alpha.jar;C:\Users\priyanka.singh\.m2\repository\io\opentelemetry\opentelemetry-sdk-trace\1.28.0\opentelemetry-sdk-trace-1.28.0.jar;C:\Users\priyanka.singh\.m2\repository\io\opentelemetry\opentelemetry-sdk\1.28.0\opentelemetry-sdk-1.28.0.jar;C:\Users\priyanka.singh\.m2\repository\io\opentelemetry\opentelemetry-semconv\1.28.0-alpha\opentelemetry-semconv-1.28.0-alpha.jar;C:\Users\priyanka.singh\.m2\repository\net\bytebuddy\byte-buddy\1.14.5\byte-buddy-1.14.5.jar;C:\Users\priyanka.singh\.m2\repository\org\seleniumhq\selenium\selenium-os\4.15.0\selenium-os-4.15.0.jar;C:\Users\priyanka.singh\.m2\repository\org\seleniumhq\selenium\selenium-safari-driver\4.15.0\selenium-safari-driver-4.15.0.jar;C:\Users\priyanka.singh\.m2\repository\org\seleniumhq\selenium\selenium-support\4.15.0\selenium-support-4.15.0.jar;C:\Users\priyanka.singh\.m2\repository\io\github\bonigarcia\webdrivermanager\5.3.2\webdrivermanager-5.3.2.jar;C:\Users\priyanka.singh\.m2\repository\com\google\code\gson\gson\2.10.1\gson-2.10.1.jar;C:\Users\priyanka.singh\.m2\repository\com\github\docker-java\docker-java\3.2.14\docker-java-3.2.14.jar;C:\Users\priyanka.singh\.m2\repository\com\github\docker-java\docker-java-core\3.2.14\docker-java-core-3.2.14.jar;C:\Users\priyanka.singh\.m2\repository\com\github\docker-java\docker-java-api\3.2.14\docker-java-api-3.2.14.jar;C:\Users\priyanka.singh\.m2\repository\com\fasterxml\jackson\core\jackson-annotations\2.10.3\jackson-annotations-2.10.3.jar;C:\Users\priyanka.singh\.m2\repository\com\fasterxml\jackson\core\jackson-databind\2.10.3\jackson-databind-2.10.3.jar;C:\Users\priyanka.singh\.m2\repository\com\fasterxml\jackson\core\jackson-core\2.10.3\jackson-core-2.10.3.jar;C:\Users\priyanka.singh\.m2\repository\org\slf4j\jcl-over-slf4j\1.7.30\jcl-over-slf4j-1.7.30.jar;C:\Users\priyanka.singh\.m2\repository\com\github\docker-java\docker-java-transport-httpclient5\3.2.14\docker-java-transport-httpclient5-3.2.14.jar;C:\Users\priyanka.singh\.m2\repository\com\github\docker-java\docker-java-transport\3.2.14\docker-java-transport-3.2.14.jar;C:\Users\priyanka.singh\.m2\repository\net\java\dev\jna\jna\5.12.1\jna-5.12.1.jar;C:\Users\priyanka.singh\.m2\repository\org\brotli\dec\0.1.2\dec-0.1.2.jar;C:\Users\priyanka.singh\.m2\repository\org\apache\commons\commons-lang3\3.12.0\commons-lang3-3.12.0.jar;C:\Users\priyanka.singh\.m2\repository\org\apache\httpcomponents\client5\httpclient5\5.2.1\httpclient5-5.2.1.jar;C:\Users\priyanka.singh\.m2\repository\org\apache\httpcomponents\core5\httpcore5\5.2\httpcore5-5.2.jar;C:\Users\priyanka.singh\.m2\repository\org\apache\httpcomponents\core5\httpcore5-h2\5.2\httpcore5-h2-5.2.jar;C:\Users\priyanka.singh\.m2\repository\junit\junit\4.13.2\junit-4.13.2.jar;C:\Users\priyanka.singh\.m2\repository\org\hamcrest\hamcrest-core\1.3\hamcrest-core-1.3.jar;C:\Users\priyanka.singh\.m2\repository\net\sourceforge\jexcelapi\jxl\2.6.12\jxl-2.6.12.jar;C:\Users\priyanka.singh\.m2\repository\log4j\log4j\1.2.14\log4j-1.2.14.jar;C:\Users\priyanka.singh\.m2\repository\com\sikulix\sikulixapi\2.0.5\sikulixapi-2.0.5.jar;C:\Users\priyanka.singh\.m2\repository\org\python\jython-slim\2.7.2\jython-slim-2.7.2.jar;C:\Users\priyanka.singh\.m2\repository\org\antlr\antlr\3.5.2\antlr-3.5.2.jar;C:\Users\priyanka.singh\.m2\repository\org\antlr\ST4\4.0.8\ST4-4.0.8.jar;C:\Users\priyanka.singh\.m2\repository\javax\servlet\javax.servlet-api\3.1.0\javax.servlet-api-3.1.0.jar;C:\Users\priyanka.singh\.m2\repository\org\antlr\antlr-runtime\3.5.2\antlr-runtime-3.5.2.jar;C:\Users\priyanka.singh\.m2\repository\org\bouncycastle\bcpkix-jdk15on\1.62\bcpkix-jdk15on-1.62.jar;C:\Users\priyanka.singh\.m2\repository\org\bouncycastle\bcprov-jdk15on\1.62\bcprov-jdk15on-1.62.jar;C:\Users\priyanka.singh\.m2\repository\org\ow2\asm\asm\7.1\asm-7.1.jar;C:\Users\priyanka.singh\.m2\repository\org\ow2\asm\asm-commons\7.1\asm-commons-7.1.jar;C:\Users\priyanka.singh\.m2\repository\org\ow2\asm\asm-tree\7.1\asm-tree-7.1.jar;C:\Users\priyanka.singh\.m2\repository\org\ow2\asm\asm-analysis\7.1\asm-analysis-7.1.jar;C:\Users\priyanka.singh\.m2\repository\org\ow2\asm\asm-util\7.1\asm-util-7.1.jar;C:\Users\priyanka.singh\.m2\repository\com\google\guava\failureaccess\1.0.1\failureaccess-1.0.1.jar;C:\Users\priyanka.singh\.m2\repository\com\ibm\icu\icu4j\59.1\icu4j-59.1.jar;C:\Users\priyanka.singh\.m2\repository\com\carrotsearch\java-sizeof\0.0.5\java-sizeof-0.0.5.jar;C:\Users\priyanka.singh\.m2\repository\com\github\jnr\jffi\1.2.20\jffi-1.2.20.jar;C:\Users\priyanka.singh\.m2\repository\com\github\jnr\jnr-netdb\1.1.6\jnr-netdb-1.1.6.jar;C:\Users\priyanka.singh\.m2\repository\com\github\jnr\jnr-ffi\2.1.10\jnr-ffi-2.1.10.jar;C:\Users\priyanka.singh\.m2\repository\com\github\jnr\jffi\1.2.19\jffi-1.2.19-native.jar;C:\Users\priyanka.singh\.m2\repository\com\github\jnr\jnr-a64asm\1.0.0\jnr-a64asm-1.0.0.jar;C:\Users\priyanka.singh\.m2\repository\com\github\jnr\jnr-x86asm\1.0.2\jnr-x86asm-1.0.2.jar;C:\Users\priyanka.singh\.m2\repository\com\github\jnr\jnr-posix\3.0.50\jnr-posix-3.0.50.jar;C:\Users\priyanka.singh\.m2\repository\com\github\jnr\jnr-constants\0.9.12\jnr-constants-0.9.12.jar;C:\Users\priyanka.singh\.m2\repository\jline\jline\2.14.5\jline-2.14.5.jar;C:\Users\priyanka.singh\.m2\repository\io\netty\netty-buffer\4.1.45.Final\netty-buffer-4.1.45.Final.jar;C:\Users\priyanka.singh\.m2\repository\io\netty\netty-codec\4.1.45.Final\netty-codec-4.1.45.Final.jar;C:\Users\priyanka.singh\.m2\repository\io\netty\netty-common\4.1.45.Final\netty-common-4.1.45.Final.jar;C:\Users\priyanka.singh\.m2\repository\io\netty\netty-handler\4.1.45.Final\netty-handler-4.1.45.Final.jar;C:\Users\priyanka.singh\.m2\repository\io\netty\netty-resolver\4.1.45.Final\netty-resolver-4.1.45.Final.jar;C:\Users\priyanka.singh\.m2\repository\io\netty\netty-transport\4.1.45.Final\netty-transport-4.1.45.Final.jar;C:\Users\priyanka.singh\.m2\repository\org\apache\ant\ant\1.9.7\ant-1.9.7.jar;C:\Users\priyanka.singh\.m2\repository\org\apache\ant\ant-launcher\1.9.7\ant-launcher-1.9.7.jar;C:\Users\priyanka.singh\.m2\repository\com\sikulix\sikulix2tigervnc\1.1.4\sikulix2tigervnc-1.1.4.jar;C:\Users\priyanka.singh\.m2\repository\org\openpnp\opencv\4.3.0-3\opencv-4.3.0-3.jar;C:\Users\priyanka.singh\.m2\repository\commons-cli\commons-cli\1.4\commons-cli-1.4.jar;C:\Users\priyanka.singh\.m2\repository\org\apache\commons\commons-exec\1.3\commons-exec-1.3.jar;C:\Users\priyanka.singh\.m2\repository\net\java\dev\jna\jna-platform\5.6.0\jna-platform-5.6.0.jar;C:\Users\priyanka.singh\.m2\repository\net\oneandone\reflections8\reflections8\0.11.6\reflections8-0.11.6.jar;C:\Users\priyanka.singh\.m2\repository\org\javassist\javassist\3.22.0-GA\javassist-3.22.0-GA.jar;C:\Users\priyanka.singh\.m2\repository\net\sourceforge\tess4j\tess4j\4.5.4\tess4j-4.5.4.jar;C:\Users\priyanka.singh\.m2\repository\com\github\jai-imageio\jai-imageio-core\1.4.0\jai-imageio-core-1.4.0.jar;C:\Users\priyanka.singh\.m2\repository\org\ghost4j\ghost4j\1.0.1\ghost4j-1.0.1.jar;C:\Users\priyanka.singh\.m2\repository\commons-beanutils\commons-beanutils\1.9.2\commons-beanutils-1.9.2.jar;C:\Users\priyanka.singh\.m2\repository\commons-collections\commons-collections\3.2.1\commons-collections-3.2.1.jar;C:\Users\priyanka.singh\.m2\repository\org\apache\xmlgraphics\xmlgraphics-commons\1.4\xmlgraphics-commons-1.4.jar;C:\Users\priyanka.singh\.m2\repository\com\lowagie\itext\2.1.7\itext-2.1.7.jar;C:\Users\priyanka.singh\.m2\repository\org\apache\pdfbox\pdfbox\2.0.21\pdfbox-2.0.21.jar;C:\Users\priyanka.singh\.m2\repository\org\apache\pdfbox\fontbox\2.0.21\fontbox-2.0.21.jar;C:\Users\priyanka.singh\.m2\repository\commons-logging\commons-logging\1.2\commons-logging-1.2.jar;C:\Users\priyanka.singh\.m2\repository\org\apache\pdfbox\pdfbox-tools\2.0.21\pdfbox-tools-2.0.21.jar;C:\Users\priyanka.singh\.m2\repository\org\apache\pdfbox\pdfbox-debugger\2.0.21\pdfbox-debugger-2.0.21.jar;C:\Users\priyanka.singh\.m2\repository\org\apache\pdfbox\jbig2-imageio\3.0.3\jbig2-imageio-3.0.3.jar;C:\Users\priyanka.singh\.m2\repository\net\sourceforge\lept4j\lept4j\1.13.2\lept4j-1.13.2.jar;C:\Users\priyanka.singh\.m2\repository\org\jboss\jboss-vfs\3.2.15.Final\jboss-vfs-3.2.15.Final.jar;C:\Users\priyanka.singh\.m2\repository\org\jboss\logging\jboss-logging\3.1.4.GA\jboss-logging-3.1.4.GA.jar;C:\Users\priyanka.singh\.m2\repository\org\slf4j\slf4j-nop\1.7.28\slf4j-nop-1.7.28.jar;C:\Users\priyanka.singh\.m2\repository\net\sf\py4j\py4j\0.10.9.1\py4j-0.10.9.1.jar;"/>
    <property name="java.vm.vendor" value="Oracle Corporation"/>
    <property name="sun.arch.data.model" value="64"/>
    <property name="user.variant" value=""/>
    <property name="java.vendor.url" value="https://java.oracle.com/"/>
    <property name="user.timezone" value="Asia/Calcutta"/>
    <property name="os.name" value="Windows 11"/>
    <property name="java.vm.specification.version" value="21"/>
    <property name="sun.java.launcher" value="SUN_STANDARD"/>
    <property name="user.country" value="US"/>
    <property name="sun.boot.library.path" value="C:\Program Files\Java\jdk-21\bin"/>
    <property name="sun.java.command" value="C:\Users\priyanka.singh\AppData\Local\Temp\surefire5220142496811709029\surefirebooter-20240208121320042_3.jar C:\Users\priyanka.singh\AppData\Local\Temp\surefire5220142496811709029 2024-02-08T12-13-19_863-jvmRun1 surefire-20240208121320042_1tmp surefire_0-20240208121320042_2tmp"/>
    <property name="jdk.debug" value="release"/>
    <property name="surefire.test.class.path" value="E:\Personal_Workspace\Oct14th_2023\Automation\myAutomationProject\target\test-classes;E:\Personal_Workspace\Oct14th_2023\Automation\myAutomationProject\target\classes;C:\Users\priyanka.singh\.m2\repository\org\apache\poi\poi-ooxml\5.2.5\poi-ooxml-5.2.5.jar;C:\Users\priyanka.singh\.m2\repository\org\apache\poi\poi\5.2.5\poi-5.2.5.jar;C:\Users\priyanka.singh\.m2\repository\commons-codec\commons-codec\1.16.0\commons-codec-1.16.0.jar;C:\Users\priyanka.singh\.m2\repository\org\apache\commons\commons-math3\3.6.1\commons-math3-3.6.1.jar;C:\Users\priyanka.singh\.m2\repository\com\zaxxer\SparseBitSet\1.3\SparseBitSet-1.3.jar;C:\Users\priyanka.singh\.m2\repository\org\apache\poi\poi-ooxml-lite\5.2.5\poi-ooxml-lite-5.2.5.jar;C:\Users\priyanka.singh\.m2\repository\org\apache\xmlbeans\xmlbeans\5.2.0\xmlbeans-5.2.0.jar;C:\Users\priyanka.singh\.m2\repository\org\apache\commons\commons-compress\1.25.0\commons-compress-1.25.0.jar;C:\Users\priyanka.singh\.m2\repository\commons-io\commons-io\2.15.0\commons-io-2.15.0.jar;C:\Users\priyanka.singh\.m2\repository\com\github\virtuald\curvesapi\1.08\curvesapi-1.08.jar;C:\Users\priyanka.singh\.m2\repository\org\apache\logging\log4j\log4j-api\2.21.1\log4j-api-2.21.1.jar;C:\Users\priyanka.singh\.m2\repository\org\apache\commons\commons-collections4\4.4\commons-collections4-4.4.jar;C:\Users\priyanka.singh\.m2\repository\org\testng\testng\7.7.0\testng-7.7.0.jar;C:\Users\priyanka.singh\.m2\repository\org\slf4j\slf4j-api\1.7.36\slf4j-api-1.7.36.jar;C:\Users\priyanka.singh\.m2\repository\com\beust\jcommander\1.82\jcommander-1.82.jar;C:\Users\priyanka.singh\.m2\repository\org\webjars\jquery\3.6.1\jquery-3.6.1.jar;C:\Users\priyanka.singh\.m2\repository\org\seleniumhq\selenium\selenium-java\4.15.0\selenium-java-4.15.0.jar;C:\Users\priyanka.singh\.m2\repository\org\seleniumhq\selenium\selenium-api\4.15.0\selenium-api-4.15.0.jar;C:\Users\priyanka.singh\.m2\repository\org\seleniumhq\selenium\selenium-chrome-driver\4.15.0\selenium-chrome-driver-4.15.0.jar;C:\Users\priyanka.singh\.m2\repository\com\google\auto\service\auto-service-annotations\1.1.1\auto-service-annotations-1.1.1.jar;C:\Users\priyanka.singh\.m2\repository\org\seleniumhq\selenium\selenium-chromium-driver\4.15.0\selenium-chromium-driver-4.15.0.jar;C:\Users\priyanka.singh\.m2\repository\org\seleniumhq\selenium\selenium-json\4.15.0\selenium-json-4.15.0.jar;C:\Users\priyanka.singh\.m2\repository\org\seleniumhq\selenium\selenium-manager\4.15.0\selenium-manager-4.15.0.jar;C:\Users\priyanka.singh\.m2\repository\org\seleniumhq\selenium\selenium-devtools-v117\4.15.0\selenium-devtools-v117-4.15.0.jar;C:\Users\priyanka.singh\.m2\repository\org\seleniumhq\selenium\selenium-devtools-v118\4.15.0\selenium-devtools-v118-4.15.0.jar;C:\Users\priyanka.singh\.m2\repository\org\seleniumhq\selenium\selenium-devtools-v119\4.15.0\selenium-devtools-v119-4.15.0.jar;C:\Users\priyanka.singh\.m2\repository\org\seleniumhq\selenium\selenium-devtools-v85\4.15.0\selenium-devtools-v85-4.15.0.jar;C:\Users\priyanka.singh\.m2\repository\org\seleniumhq\selenium\selenium-edge-driver\4.15.0\selenium-edge-driver-4.15.0.jar;C:\Users\priyanka.singh\.m2\repository\org\seleniumhq\selenium\selenium-firefox-driver\4.15.0\selenium-firefox-driver-4.15.0.jar;C:\Users\priyanka.singh\.m2\repository\org\seleniumhq\selenium\selenium-http\4.15.0\selenium-http-4.15.0.jar;C:\Users\priyanka.singh\.m2\repository\dev\failsafe\failsafe\3.3.2\failsafe-3.3.2.jar;C:\Users\priyanka.singh\.m2\repository\org\seleniumhq\selenium\selenium-ie-driver\4.15.0\selenium-ie-driver-4.15.0.jar;C:\Users\priyanka.singh\.m2\repository\org\seleniumhq\selenium\selenium-remote-driver\4.15.0\selenium-remote-driver-4.15.0.jar;C:\Users\priyanka.singh\.m2\repository\com\google\guava\guava\32.1.2-jre\guava-32.1.2-jre.jar;C:\Users\priyanka.singh\.m2\repository\com\google\guava\listenablefuture\9999.0-empty-to-avoid-conflict-with-guava\listenablefuture-9999.0-empty-to-avoid-conflict-with-guava.jar;C:\Users\priyanka.singh\.m2\repository\com\google\code\findbugs\jsr305\3.0.2\jsr305-3.0.2.jar;C:\Users\priyanka.singh\.m2\repository\org\checkerframework\checker-qual\3.33.0\checker-qual-3.33.0.jar;C:\Users\priyanka.singh\.m2\repository\com\google\errorprone\error_prone_annotations\2.18.0\error_prone_annotations-2.18.0.jar;C:\Users\priyanka.singh\.m2\repository\com\google\j2objc\j2objc-annotations\2.8\j2objc-annotations-2.8.jar;C:\Users\priyanka.singh\.m2\repository\io\opentelemetry\opentelemetry-api\1.28.0\opentelemetry-api-1.28.0.jar;C:\Users\priyanka.singh\.m2\repository\io\opentelemetry\opentelemetry-context\1.28.0\opentelemetry-context-1.28.0.jar;C:\Users\priyanka.singh\.m2\repository\io\opentelemetry\opentelemetry-exporter-logging\1.28.0\opentelemetry-exporter-logging-1.28.0.jar;C:\Users\priyanka.singh\.m2\repository\io\opentelemetry\opentelemetry-sdk-metrics\1.28.0\opentelemetry-sdk-metrics-1.28.0.jar;C:\Users\priyanka.singh\.m2\repository\io\opentelemetry\opentelemetry-extension-incubator\1.28.0-alpha\opentelemetry-extension-incubator-1.28.0-alpha.jar;C:\Users\priyanka.singh\.m2\repository\io\opentelemetry\opentelemetry-sdk-logs\1.28.0\opentelemetry-sdk-logs-1.28.0.jar;C:\Users\priyanka.singh\.m2\repository\io\opentelemetry\opentelemetry-sdk-common\1.28.0\opentelemetry-sdk-common-1.28.0.jar;C:\Users\priyanka.singh\.m2\repository\io\opentelemetry\opentelemetry-sdk-extension-autoconfigure-spi\1.28.0\opentelemetry-sdk-extension-autoconfigure-spi-1.28.0.jar;C:\Users\priyanka.singh\.m2\repository\io\opentelemetry\opentelemetry-sdk-extension-autoconfigure\1.28.0\opentelemetry-sdk-extension-autoconfigure-1.28.0.jar;C:\Users\priyanka.singh\.m2\repository\io\opentelemetry\opentelemetry-api-events\1.28.0-alpha\opentelemetry-api-events-1.28.0-alpha.jar;C:\Users\priyanka.singh\.m2\repository\io\opentelemetry\opentelemetry-sdk-trace\1.28.0\opentelemetry-sdk-trace-1.28.0.jar;C:\Users\priyanka.singh\.m2\repository\io\opentelemetry\opentelemetry-sdk\1.28.0\opentelemetry-sdk-1.28.0.jar;C:\Users\priyanka.singh\.m2\repository\io\opentelemetry\opentelemetry-semconv\1.28.0-alpha\opentelemetry-semconv-1.28.0-alpha.jar;C:\Users\priyanka.singh\.m2\repository\net\bytebuddy\byte-buddy\1.14.5\byte-buddy-1.14.5.jar;C:\Users\priyanka.singh\.m2\repository\org\seleniumhq\selenium\selenium-os\4.15.0\selenium-os-4.15.0.jar;C:\Users\priyanka.singh\.m2\repository\org\seleniumhq\selenium\selenium-safari-driver\4.15.0\selenium-safari-driver-4.15.0.jar;C:\Users\priyanka.singh\.m2\repository\org\seleniumhq\selenium\selenium-support\4.15.0\selenium-support-4.15.0.jar;C:\Users\priyanka.singh\.m2\repository\io\github\bonigarcia\webdrivermanager\5.3.2\webdrivermanager-5.3.2.jar;C:\Users\priyanka.singh\.m2\repository\com\google\code\gson\gson\2.10.1\gson-2.10.1.jar;C:\Users\priyanka.singh\.m2\repository\com\github\docker-java\docker-java\3.2.14\docker-java-3.2.14.jar;C:\Users\priyanka.singh\.m2\repository\com\github\docker-java\docker-java-core\3.2.14\docker-java-core-3.2.14.jar;C:\Users\priyanka.singh\.m2\repository\com\github\docker-java\docker-java-api\3.2.14\docker-java-api-3.2.14.jar;C:\Users\priyanka.singh\.m2\repository\com\fasterxml\jackson\core\jackson-annotations\2.10.3\jackson-annotations-2.10.3.jar;C:\Users\priyanka.singh\.m2\repository\com\fasterxml\jackson\core\jackson-databind\2.10.3\jackson-databind-2.10.3.jar;C:\Users\priyanka.singh\.m2\repository\com\fasterxml\jackson\core\jackson-core\2.10.3\jackson-core-2.10.3.jar;C:\Users\priyanka.singh\.m2\repository\org\slf4j\jcl-over-slf4j\1.7.30\jcl-over-slf4j-1.7.30.jar;C:\Users\priyanka.singh\.m2\repository\com\github\docker-java\docker-java-transport-httpclient5\3.2.14\docker-java-transport-httpclient5-3.2.14.jar;C:\Users\priyanka.singh\.m2\repository\com\github\docker-java\docker-java-transport\3.2.14\docker-java-transport-3.2.14.jar;C:\Users\priyanka.singh\.m2\repository\net\java\dev\jna\jna\5.12.1\jna-5.12.1.jar;C:\Users\priyanka.singh\.m2\repository\org\brotli\dec\0.1.2\dec-0.1.2.jar;C:\Users\priyanka.singh\.m2\repository\org\apache\commons\commons-lang3\3.12.0\commons-lang3-3.12.0.jar;C:\Users\priyanka.singh\.m2\repository\org\apache\httpcomponents\client5\httpclient5\5.2.1\httpclient5-5.2.1.jar;C:\Users\priyanka.singh\.m2\repository\org\apache\httpcomponents\core5\httpcore5\5.2\httpcore5-5.2.jar;C:\Users\priyanka.singh\.m2\repository\org\apache\httpcomponents\core5\httpcore5-h2\5.2\httpcore5-h2-5.2.jar;C:\Users\priyanka.singh\.m2\repository\junit\junit\4.13.2\junit-4.13.2.jar;C:\Users\priyanka.singh\.m2\repository\org\hamcrest\hamcrest-core\1.3\hamcrest-core-1.3.jar;C:\Users\priyanka.singh\.m2\repository\net\sourceforge\jexcelapi\jxl\2.6.12\jxl-2.6.12.jar;C:\Users\priyanka.singh\.m2\repository\log4j\log4j\1.2.14\log4j-1.2.14.jar;C:\Users\priyanka.singh\.m2\repository\com\sikulix\sikulixapi\2.0.5\sikulixapi-2.0.5.jar;C:\Users\priyanka.singh\.m2\repository\org\python\jython-slim\2.7.2\jython-slim-2.7.2.jar;C:\Users\priyanka.singh\.m2\repository\org\antlr\antlr\3.5.2\antlr-3.5.2.jar;C:\Users\priyanka.singh\.m2\repository\org\antlr\ST4\4.0.8\ST4-4.0.8.jar;C:\Users\priyanka.singh\.m2\repository\javax\servlet\javax.servlet-api\3.1.0\javax.servlet-api-3.1.0.jar;C:\Users\priyanka.singh\.m2\repository\org\antlr\antlr-runtime\3.5.2\antlr-runtime-3.5.2.jar;C:\Users\priyanka.singh\.m2\repository\org\bouncycastle\bcpkix-jdk15on\1.62\bcpkix-jdk15on-1.62.jar;C:\Users\priyanka.singh\.m2\repository\org\bouncycastle\bcprov-jdk15on\1.62\bcprov-jdk15on-1.62.jar;C:\Users\priyanka.singh\.m2\repository\org\ow2\asm\asm\7.1\asm-7.1.jar;C:\Users\priyanka.singh\.m2\repository\org\ow2\asm\asm-commons\7.1\asm-commons-7.1.jar;C:\Users\priyanka.singh\.m2\repository\org\ow2\asm\asm-tree\7.1\asm-tree-7.1.jar;C:\Users\priyanka.singh\.m2\repository\org\ow2\asm\asm-analysis\7.1\asm-analysis-7.1.jar;C:\Users\priyanka.singh\.m2\repository\org\ow2\asm\asm-util\7.1\asm-util-7.1.jar;C:\Users\priyanka.singh\.m2\repository\com\google\guava\failureaccess\1.0.1\failureaccess-1.0.1.jar;C:\Users\priyanka.singh\.m2\repository\com\ibm\icu\icu4j\59.1\icu4j-59.1.jar;C:\Users\priyanka.singh\.m2\repository\com\carrotsearch\java-sizeof\0.0.5\java-sizeof-0.0.5.jar;C:\Users\priyanka.singh\.m2\repository\com\github\jnr\jffi\1.2.20\jffi-1.2.20.jar;C:\Users\priyanka.singh\.m2\repository\com\github\jnr\jnr-netdb\1.1.6\jnr-netdb-1.1.6.jar;C:\Users\priyanka.singh\.m2\repository\com\github\jnr\jnr-ffi\2.1.10\jnr-ffi-2.1.10.jar;C:\Users\priyanka.singh\.m2\repository\com\github\jnr\jffi\1.2.19\jffi-1.2.19-native.jar;C:\Users\priyanka.singh\.m2\repository\com\github\jnr\jnr-a64asm\1.0.0\jnr-a64asm-1.0.0.jar;C:\Users\priyanka.singh\.m2\repository\com\github\jnr\jnr-x86asm\1.0.2\jnr-x86asm-1.0.2.jar;C:\Users\priyanka.singh\.m2\repository\com\github\jnr\jnr-posix\3.0.50\jnr-posix-3.0.50.jar;C:\Users\priyanka.singh\.m2\repository\com\github\jnr\jnr-constants\0.9.12\jnr-constants-0.9.12.jar;C:\Users\priyanka.singh\.m2\repository\jline\jline\2.14.5\jline-2.14.5.jar;C:\Users\priyanka.singh\.m2\repository\io\netty\netty-buffer\4.1.45.Final\netty-buffer-4.1.45.Final.jar;C:\Users\priyanka.singh\.m2\repository\io\netty\netty-codec\4.1.45.Final\netty-codec-4.1.45.Final.jar;C:\Users\priyanka.singh\.m2\repository\io\netty\netty-common\4.1.45.Final\netty-common-4.1.45.Final.jar;C:\Users\priyanka.singh\.m2\repository\io\netty\netty-handler\4.1.45.Final\netty-handler-4.1.45.Final.jar;C:\Users\priyanka.singh\.m2\repository\io\netty\netty-resolver\4.1.45.Final\netty-resolver-4.1.45.Final.jar;C:\Users\priyanka.singh\.m2\repository\io\netty\netty-transport\4.1.45.Final\netty-transport-4.1.45.Final.jar;C:\Users\priyanka.singh\.m2\repository\org\apache\ant\ant\1.9.7\ant-1.9.7.jar;C:\Users\priyanka.singh\.m2\repository\org\apache\ant\ant-launcher\1.9.7\ant-launcher-1.9.7.jar;C:\Users\priyanka.singh\.m2\repository\com\sikulix\sikulix2tigervnc\1.1.4\sikulix2tigervnc-1.1.4.jar;C:\Users\priyanka.singh\.m2\repository\org\openpnp\opencv\4.3.0-3\opencv-4.3.0-3.jar;C:\Users\priyanka.singh\.m2\repository\commons-cli\commons-cli\1.4\commons-cli-1.4.jar;C:\Users\priyanka.singh\.m2\repository\org\apache\commons\commons-exec\1.3\commons-exec-1.3.jar;C:\Users\priyanka.singh\.m2\repository\net\java\dev\jna\jna-platform\5.6.0\jna-platform-5.6.0.jar;C:\Users\priyanka.singh\.m2\repository\net\oneandone\reflections8\reflections8\0.11.6\reflections8-0.11.6.jar;C:\Users\priyanka.singh\.m2\repository\org\javassist\javassist\3.22.0-GA\javassist-3.22.0-GA.jar;C:\Users\priyanka.singh\.m2\repository\net\sourceforge\tess4j\tess4j\4.5.4\tess4j-4.5.4.jar;C:\Users\priyanka.singh\.m2\repository\com\github\jai-imageio\jai-imageio-core\1.4.0\jai-imageio-core-1.4.0.jar;C:\Users\priyanka.singh\.m2\repository\org\ghost4j\ghost4j\1.0.1\ghost4j-1.0.1.jar;C:\Users\priyanka.singh\.m2\repository\commons-beanutils\commons-beanutils\1.9.2\commons-beanutils-1.9.2.jar;C:\Users\priyanka.singh\.m2\repository\commons-collections\commons-collections\3.2.1\commons-collections-3.2.1.jar;C:\Users\priyanka.singh\.m2\repository\org\apache\xmlgraphics\xmlgraphics-commons\1.4\xmlgraphics-commons-1.4.jar;C:\Users\priyanka.singh\.m2\repository\com\lowagie\itext\2.1.7\itext-2.1.7.jar;C:\Users\priyanka.singh\.m2\repository\org\apache\pdfbox\pdfbox\2.0.21\pdfbox-2.0.21.jar;C:\Users\priyanka.singh\.m2\repository\org\apache\pdfbox\fontbox\2.0.21\fontbox-2.0.21.jar;C:\Users\priyanka.singh\.m2\repository\commons-logging\commons-logging\1.2\commons-logging-1.2.jar;C:\Users\priyanka.singh\.m2\repository\org\apache\pdfbox\pdfbox-tools\2.0.21\pdfbox-tools-2.0.21.jar;C:\Users\priyanka.singh\.m2\repository\org\apache\pdfbox\pdfbox-debugger\2.0.21\pdfbox-debugger-2.0.21.jar;C:\Users\priyanka.singh\.m2\repository\org\apache\pdfbox\jbig2-imageio\3.0.3\jbig2-imageio-3.0.3.jar;C:\Users\priyanka.singh\.m2\repository\net\sourceforge\lept4j\lept4j\1.13.2\lept4j-1.13.2.jar;C:\Users\priyanka.singh\.m2\repository\org\jboss\jboss-vfs\3.2.15.Final\jboss-vfs-3.2.15.Final.jar;C:\Users\priyanka.singh\.m2\repository\org\jboss\logging\jboss-logging\3.1.4.GA\jboss-logging-3.1.4.GA.jar;C:\Users\priyanka.singh\.m2\repository\org\slf4j\slf4j-nop\1.7.28\slf4j-nop-1.7.28.jar;C:\Users\priyanka.singh\.m2\repository\net\sf\py4j\py4j\0.10.9.1\py4j-0.10.9.1.jar;"/>
    <property name="sun.cpu.endian" value="little"/>
    <property name="user.home" value="C:\Users\priyanka.singh"/>
    <property name="user.language" value="en"/>
    <property name="java.specification.vendor" value="Oracle Corporation"/>
    <property name="java.version.date" value="2023-10-17"/>
    <property name="java.home" value="C:\Program Files\Java\jdk-21"/>
    <property name="file.separator" value="\"/>
    <property name="basedir" value="E:\Personal_Workspace\Oct14th_2023\Automation\myAutomationProject"/>
    <property name="style.color" value="always"/>
    <property name="java.vm.compressedOopsMode" value="Zero based"/>
    <property name="line.separator" value="&#10;"/>
    <property name="java.vm.specification.vendor" value="Oracle Corporation"/>
    <property name="java.specification.name" value="Java Platform API Specification"/>
    <property name="surefire.real.class.path" value="C:\Users\priyanka.singh\AppData\Local\Temp\surefire5220142496811709029\surefirebooter-20240208121320042_3.jar"/>
    <property name="user.script" value=""/>
    <property name="sun.management.compiler" value="HotSpot 64-Bit Tiered Compilers"/>
    <property name="java.runtime.version" value="21.0.1+12-LTS-29"/>
    <property name="user.name" value="priyanka.singh"/>
    <property name="stdout.encoding" value="Cp1252"/>
    <property name="path.separator" value=";"/>
    <property name="os.version" value="10.0"/>
    <property name="java.runtime.name" value="Java(TM) SE Runtime Environment"/>
    <property name="file.encoding" value="UTF-8"/>
    <property name="java.vm.name" value="Java HotSpot(TM) 64-Bit Server VM"/>
    <property name="localRepository" value="C:\Users\priyanka.singh\.m2\repository"/>
    <property name="java.vendor.url.bug" value="https://bugreport.java.com/bugreport/"/>
    <property name="java.io.tmpdir" value="C:\Users\PRIYAN~1.SIN\AppData\Local\Temp\"/>
    <property name="java.version" value="21.0.1"/>
    <property name="user.dir" value="E:\Personal_Workspace\Oct14th_2023\Automation\myAutomationProject"/>
    <property name="os.arch" value="amd64"/>
    <property name="java.vm.specification.name" value="Java Virtual Machine Specification"/>
    <property name="sun.os.patch.level" value=""/>
    <property name="native.encoding" value="Cp1252"/>
    <property name="java.library.path" value="C:\Program Files\Java\jdk-21\bin;C:\Windows\Sun\Java\bin;C:\Windows\system32;C:\Windows;E:/Personal_Workspace/Oct14th_2023/Automation/eclipse//plugins/org.eclipse.justj.openjdk.hotspot.jre.full.win32.x86_64_17.0.9.v20231028-0858/jre/bin/server;E:/Personal_Workspace/Oct14th_2023/Automation/eclipse//plugins/org.eclipse.justj.openjdk.hotspot.jre.full.win32.x86_64_17.0.9.v20231028-0858/jre/bin;C:\Program Files\Common Files\Oracle\Java\javapath;C:\Program Files\Amazon Corretto\jdk1.8.0_372\bin;C:\Windows\system32;C:\Windows;C:\Windows\System32\Wbem;C:\Windows\System32\WindowsPowerShell\v1.0\;C:\Windows\System32\OpenSSH\;C:\Program Files\PuTTY\;C:\Program Files (x86)\NetSarang\Xshell 7\;E:\apache-ant-1.10.7\bin;C:\opt\cavisson\netdiagnostics\java\lib;C:\Program Files\Docker\Docker\resources\bin;C:\Program Files (x86)\Microsoft SQL Server\160\Tools\Binn\;C:\Program Files\Microsoft SQL Server\160\Tools\Binn\;C:\Program Files\Microsoft SQL Server\Client SDK\ODBC\170\Tools\Binn\;C:\Program Files\Microsoft SQL Server\160\DTS\Binn\;C:\Program Files (x86)\Microsoft SQL Server\160\DTS\Binn\;C:\Program Files\Azure Data Studio\bin;C:\Program Files\MySQL\MySQL Server 8.0\bin;C:\Users\priyanka.singh\AppData\Local\Microsoft\WindowsApps;C:\Users\priyanka.singh\AppData\Local\Programs\Git\cmd;E:\Personal_Workspace\Oct14th_2023\Automation\eclipse;;."/>
    <property name="java.vm.info" value="mixed mode, sharing"/>
    <property name="stderr.encoding" value="Cp1252"/>
    <property name="java.vendor" value="Oracle Corporation"/>
    <property name="java.vm.version" value="21.0.1+12-LTS-29"/>
    <property name="sun.io.unicode.encoding" value="UnicodeLittle"/>
    <property name="java.class.version" value="65.0"/>
  </properties>
  <testcase name="setup" classname="mypackage1.Test1_Chrome" time="3.961">
    <system-err><![CDATA[Feb 08, 2024 12:13:22 PM org.openqa.selenium.devtools.CdpVersionFinder findNearestMatch
WARNING: Unable to find an exact match for CDP version 121, returning the closest version; found: 119; Please update to a Selenium version that supports CDP version 121
]]></system-err>
  </testcase>
</testsuite>